<?xml version="1.0" encoding="UTF-8"?>
<!-- Generated by org.testng.reporters.JUnitReportReporter -->
<testsuite hostname="DESKTOP-0VE8HO3" failures="0" tests="1" name="lmsApi.putRequest" time="5.514" errors="0" timestamp="2022-03-13T15:57:56 PDT" skipped="0">
  <testcase classname="lmsApi.putRequest" name="putReq" time="5.514"/>
  <system-out/>
</testsuite> <!-- lmsApi.putRequest -->
