<?xml version="1.0" encoding="UTF-8"?>
<!-- Generated by org.testng.reporters.JUnitReportReporter -->
<testsuite hostname="DESKTOP-0VE8HO3" failures="0" tests="1" name="lmsApi.postRequest" time="10.953" errors="0" timestamp="2022-03-14T20:30:14 PDT" skipped="0">
  <testcase classname="lmsApi.postRequest" name="postReq" time="10.953"/>
  <system-out/>
</testsuite> <!-- lmsApi.postRequest -->
