<?xml version="1.0" encoding="UTF-8"?>
<!-- Generated by org.testng.reporters.JUnitReportReporter -->
<testsuite hostname="LAPTOP-BADH85B6" failures="0" tests="2" name="jobsAPI.postRequest" time="0.965" errors="0" timestamp="2022-03-08T12:09:42 MST" skipped="0">
  <testcase classname="jobsAPI.postRequest" name="postExistingId" time="0.400"/>
  <system-out/>
  <testcase classname="jobsAPI.postRequest" name="postReq" time="0.565"/>
  <system-out/>
</testsuite> <!-- jobsAPI.postRequest -->
