<?xml version="1.0" encoding="UTF-8"?>
<!-- Generated by org.testng.reporters.JUnitReportReporter -->
<testsuite hostname="LAPTOP-BADH85B6" failures="0" tests="2" name="jobsAPI.putRequest" time="0.913" errors="0" timestamp="2022-03-08T12:09:42 MST" skipped="0">
  <testcase classname="jobsAPI.putRequest" name="putReq" time="0.555"/>
  <system-out/>
  <testcase classname="jobsAPI.putRequest" name="putNonExistingId" time="0.358"/>
  <system-out/>
</testsuite> <!-- jobsAPI.putRequest -->
