<?xml version="1.0" encoding="UTF-8"?>
<!-- Generated by org.testng.reporters.JUnitReportReporter -->
<testsuite hostname="LAPTOP-BADH85B6" failures="0" tests="1" name="lmsApi.deleteRequest" time="0.668" errors="0" timestamp="2022-03-08T12:09:42 MST" skipped="0">
  <testcase classname="lmsApi.deleteRequest" name="delReq" time="0.668"/>
  <system-out/>
</testsuite> <!-- lmsApi.deleteRequest -->
