<?xml version="1.0" encoding="UTF-8"?>
<!-- Generated by org.testng.reporters.JUnitReportReporter -->
<testsuite hostname="LAPTOP-BADH85B6" failures="0" tests="2" name="jobsAPI.deleteRequest" time="0.821" errors="0" timestamp="2022-03-08T12:09:42 MST" skipped="0">
  <testcase classname="jobsAPI.deleteRequest" name="delReq" time="0.459"/>
  <system-out/>
  <testcase classname="jobsAPI.deleteRequest" name="delNonExistingId" time="0.362"/>
  <system-out/>
</testsuite> <!-- jobsAPI.deleteRequest -->
