<?xml version="1.0" encoding="UTF-8"?>
<!-- Generated by org.testng.reporters.JUnitReportReporter -->
<testsuite hostname="DESKTOP-0VE8HO3" failures="0" tests="2" name="lmsApi.getRequest" time="82.995" errors="0" timestamp="2022-03-12T00:10:57 PST" skipped="0">
  <testcase classname="lmsApi.getRequest" name="getIdReq" time="1.013"/>
  <system-out/>
  <testcase classname="lmsApi.getRequest" name="getIdReq" time="81.982"/>
  <system-out/>
</testsuite> <!-- lmsApi.getRequest -->
